# JRE version: Java(TM) SE Runtime Environment (13.0.2+8) (build 13.0.2+8)
# Java VM: Java HotSpot(TM) 64-Bit Server VM (13.0.2+8, mixed mode, sharing, tiered, compressed oops, g1 gc, windows-amd64)
Heap:
 garbage-first heap   total 534528K, used 25147K [0x0000000704200000, 0x0000000800000000)
  region size 1024K, 1 young (1024K), 1 survivors (1024K)
 Metaspace       used 242K, capacity 4494K, committed 4864K, reserved 1056768K
  class space    used 9K, capacity 386K, committed 512K, reserved 1048576K
GC Heap History (20 events):
Event: 454249.807 GC heap after
{Heap after GC invocations=33334822 (full 0):
 garbage-first heap   total 178176K, used 25147K [0x0000000704200000, 0x0000000800000000)
  region size 1024K, 1 young (1024K), 1 survivors (1024K)
 Metaspace       used 242K, capacity 4494K, committed 4864K, reserved 1056768K
  class space    used 9K, capacity 386K, committed 512K, reserved 1048576K
}
Event: 454249.836 GC heap before
{Heap before GC invocations=33334823 (full 0):
 garbage-first heap   total 178176K, used 98875K [0x0000000704200000, 0x0000000800000000)
  region size 1024K, 2 young (2048K), 1 survivors (1024K)
 Metaspace       used 242K, capacity 4494K, committed 4864K, reserved 1056768K
  class space    used 9K, capacity 386K, committed 512K, reserved 1048576K
}
Event: 454249.838 GC heap after
{Heap after GC invocations=33334824 (full 0):
 garbage-first heap   total 178176K, used 25147K [0x0000000704200000, 0x0000000800000000)
  region size 1024K, 1 young (1024K), 1 survivors (1024K)
 Metaspace       used 242K, capacity 4494K, committed 4864K, reserved 1056768K
  class space    used 9K, capacity 386K, committed 512K, reserved 1048576K
}
Event: 454249.860 GC heap before
{Heap before GC invocations=33334825 (full 0):
 garbage-first heap   total 178176K, used 74299K [0x0000000704200000, 0x0000000800000000)
  region size 1024K, 2 young (2048K), 1 survivors (1024K)
 Metaspace       used 242K, capacity 4494K, committed 4864K, reserved 1056768K
  class space    used 9K, capacity 386K, committed 512K, reserved 1048576K
}
Event: 454249.866 GC heap after
{Heap after GC invocations=33334826 (full 0):
 garbage-first heap   total 356352K, used 25147K [0x0000000704200000, 0x0000000800000000)
  region size 1024K, 1 young (1024K), 1 survivors (1024K)
 Metaspace       used 242K, capacity 4494K, committed 4864K, reserved 1056768K
  class space    used 9K, capacity 386K, committed 512K, reserved 1048576K
}
Event: 454249.890 GC heap before
{Heap before GC invocations=33334827 (full 0):
 garbage-first heap   total 178176K, used 74299K [0x0000000704200000, 0x0000000800000000)
  region size 1024K, 2 young (2048K), 1 survivors (1024K)
 Metaspace       used 242K, capacity 4494K, committed 4864K, reserved 1056768K
  class space    used 9K, capacity 386K, committed 512K, reserved 1048576K
}
Event: 454249.892 GC heap after
{Heap after GC invocations=33334828 (full 0):
 garbage-first heap   total 178176K, used 25147K [0x0000000704200000, 0x0000000800000000)
  region size 1024K, 1 young (1024K), 1 survivors (1024K)
 Metaspace       used 242K, capacity 4494K, committed 4864K, reserved 1056768K
  class space    used 9K, capacity 386K, committed 512K, reserved 1048576K
}
Event: 454249.913 GC heap before
{Heap before GC invocations=33334829 (full 0):
 garbage-first heap   total 178176K, used 74299K [0x0000000704200000, 0x0000000800000000)
  region size 1024K, 2 young (2048K), 1 survivors (1024K)
 Metaspace       used 242K, capacity 4494K, committed 4864K, reserved 1056768K
  class space    used 9K, capacity 386K, committed 512K, reserved 1048576K
}
Event: 454249.914 GC heap after
{Heap after GC invocations=33334830 (full 0):
 garbage-first heap   total 178176K, used 25147K [0x0000000704200000, 0x0000000800000000)
  region size 1024K, 1 young (1024K), 1 survivors (1024K)
 Metaspace       used 242K, capacity 4494K, committed 4864K, reserved 1056768K
  class space    used 9K, capacity 386K, committed 512K, reserved 1048576K
}
Event: 454249.933 GC heap before
{Heap before GC invocations=33334831 (full 0):
 garbage-first heap   total 178176K, used 74299K [0x0000000704200000, 0x0000000800000000)
  region size 1024K, 2 young (2048K), 1 survivors (1024K)
 Metaspace       used 242K, capacity 4494K, committed 4864K, reserved 1056768K
  class space    used 9K, capacity 386K, committed 512K, reserved 1048576K
}
Event: 454249.935 GC heap after
{Heap after GC invocations=33334832 (full 0):
 garbage-first heap   total 178176K, used 25147K [0x0000000704200000, 0x0000000800000000)
  region size 1024K, 1 young (1024K), 1 survivors (1024K)
 Metaspace       used 242K, capacity 4494K, committed 4864K, reserved 1056768K
  class space    used 9K, capacity 386K, committed 512K, reserved 1048576K
}
Event: 454249.953 GC heap before
{Heap before GC invocations=33334833 (full 0):
 garbage-first heap   total 178176K, used 74299K [0x0000000704200000, 0x0000000800000000)
  region size 1024K, 2 young (2048K), 1 survivors (1024K)
 Metaspace       used 242K, capacity 4494K, committed 4864K, reserved 1056768K
  class space    used 9K, capacity 386K, committed 512K, reserved 1048576K
}
Event: 454249.990 GC heap after
{Heap after GC invocations=33334834 (full 0):
 garbage-first heap   total 356352K, used 25147K [0x0000000704200000, 0x0000000800000000)
  region size 1024K, 1 young (1024K), 1 survivors (1024K)
 Metaspace       used 242K, capacity 4494K, committed 4864K, reserved 1056768K
  class space    used 9K, capacity 386K, committed 512K, reserved 1048576K
}
Event: 454250.001 GC heap before
{Heap before GC invocations=33334835 (full 0):
 garbage-first heap   total 178176K, used 74299K [0x0000000704200000, 0x0000000800000000)
  region size 1024K, 2 young (2048K), 1 survivors (1024K)
 Metaspace       used 242K, capacity 4494K, committed 4864K, reserved 1056768K
  class space    used 9K, capacity 386K, committed 512K, reserved 1048576K
}
Event: 454250.001 GC heap after
{Heap after GC invocations=33334836 (full 0):
 garbage-first heap   total 178176K, used 25147K [0x0000000704200000, 0x0000000800000000)
  region size 1024K, 1 young (1024K), 1 survivors (1024K)
 Metaspace       used 242K, capacity 4494K, committed 4864K, reserved 1056768K
  class space    used 9K, capacity 386K, committed 512K, reserved 1048576K
}
Event: 454250.013 GC heap before
{Heap before GC invocations=33334837 (full 0):
 garbage-first heap   total 178176K, used 74299K [0x0000000704200000, 0x0000000800000000)
  region size 1024K, 2 young (2048K), 1 survivors (1024K)
 Metaspace       used 242K, capacity 4494K, committed 4864K, reserved 1056768K
  class space    used 9K, capacity 386K, committed 512K, reserved 1048576K
}
Event: 454250.014 GC heap after
{Heap after GC invocations=33334838 (full 0):
 garbage-first heap   total 178176K, used 25147K [0x0000000704200000, 0x0000000800000000)
  region size 1024K, 1 young (1024K), 1 survivors (1024K)
 Metaspace       used 242K, capacity 4494K, committed 4864K, reserved 1056768K
  class space    used 9K, capacity 386K, committed 512K, reserved 1048576K
}
Event: 454250.025 GC heap before
{Heap before GC invocations=33334839 (full 0):
 garbage-first heap   total 178176K, used 74299K [0x0000000704200000, 0x0000000800000000)
  region size 1024K, 2 young (2048K), 1 survivors (1024K)
 Metaspace       used 242K, capacity 4494K, committed 4864K, reserved 1056768K
  class space    used 9K, capacity 386K, committed 512K, reserved 1048576K
}
Event: 454250.025 GC heap after
{Heap after GC invocations=33334840 (full 0):
 garbage-first heap   total 178176K, used 25147K [0x0000000704200000, 0x0000000800000000)
  region size 1024K, 1 young (1024K), 1 survivors (1024K)
 Metaspace       used 242K, capacity 4494K, committed 4864K, reserved 1056768K
  class space    used 9K, capacity 386K, committed 512K, reserved 1048576K
}
Event: 454250.037 GC heap before
{Heap before GC invocations=33334841 (full 0):
 garbage-first heap   total 178176K, used 74299K [0x0000000704200000, 0x0000000800000000)
  region size 1024K, 2 young (2048K), 1 survivors (1024K)
 Metaspace       used 242K, capacity 4494K, committed 4864K, reserved 1056768K
  class space    used 9K, capacity 386K, committed 512K, reserved 1048576K
}

